173-228-90-253:Some_exercises marciafeitel$ perl dependencies.pl dep1
$VAR1 = {
          'X2' => '',
          'X3' => '',
          'X4' => '',
          'X1' => ''
        };
X4
evaluating symbolX4
expanding of X4
expanding new symbol X4 at level 1
1 -th level symbol is 1
1 -th level symbol is 2
1 -th level symbol is 3
$VAR1 = {
          'X2' => '',
          'X3' => '',
          'X4' => 'X4--->1--->2--->3',
          'X1' => ''
        };
X4--->1--->2--->3
X3
evaluating symbolX3
expanding of X3
expanding new symbol X3 at level 1
1 -th level symbol is X6
1 -th level symbol is X7
$VAR1 = {
          'X2' => '',
          'X3' => 'X3--->X6--->X7',
          'X4' => 'X4--->1--->2--->3',
          'X1' => ''
        };
X3--->X6--->X7
X2
evaluating symbolX2
expanding of X2
expanding new symbol X2 at level 1
1 -th level symbol is X4
1 -th level symbol is X5
$VAR1 = {
          'X2' => 'X2---->X4--->1--->2--->3--->X5',
          'X3' => 'X3--->X6--->X7',
          'X4' => 'X4--->1--->2--->3',
          'X1' => ''
        };
X2---->X4--->1--->2--->3--->X5
X1
evaluating symbolX1
expanding of X1
expanding new symbol X1 at level 1
1 -th level symbol is X2
1 -th level symbol is X3
1 -th level symbol is X4
$VAR1 = {
          'X2' => 'X2---->X4--->1--->2--->3--->X5',
          'X3' => 'X3--->X6--->X7',
          'X4' => 'X4--->1--->2--->3',
          'X1' => 'X1---->X2---->X4--->1--->2--->3--->X5---->X3--->X6--->X7---->X4--->1--->2--->3'
        };
X1---->X2---->X4--->1--->2--->3--->X5---->X3--->X6--->X7---->X4--->1--->2--->3
^C
173-228-90-253:Some_exercises marciafeitel$ perl dependencies.pl dep1
$VAR1 = {
          'X2' => '',
          'X3' => '',
          'X4' => '',
          'X1' => ''
        };
X1
evaluating symbolX1
expanding of X1
expanding new symbol X1 at level 1
1 -th level symbol is X2
expanding new symbol X2 at level 2
2 -th level symbol is X4
expanding new symbol X4 at level 3
3 -th level symbol is 1
3 -th level symbol is 2
3 -th level symbol is 3
$VAR1 = {
          'X2' => '',
          'X3' => '',
          'X4' => 'X4--->1--->2--->3',
          'X1' => ''
        };
2 -th level symbol is X5
$VAR1 = {
          'X2' => 'X2---->X4--->1--->2--->3--->X5',
          'X3' => '',
          'X4' => 'X4--->1--->2--->3',
          'X1' => ''
        };
1 -th level symbol is X3
expanding new symbol X3 at level 2
2 -th level symbol is X6
2 -th level symbol is X7
$VAR1 = {
          'X2' => 'X2---->X4--->1--->2--->3--->X5',
          'X3' => 'X3--->X6--->X7',
          'X4' => 'X4--->1--->2--->3',
          'X1' => ''
        };
1 -th level symbol is X4
$VAR1 = {
          'X2' => 'X2---->X4--->1--->2--->3--->X5',
          'X3' => 'X3--->X6--->X7',
          'X4' => 'X4--->1--->2--->3',
          'X1' => 'X1---->X2---->X4--->1--->2--->3--->X5---->X3--->X6--->X7---->X4--->1--->2--->3'
        };
X1---->X2---->X4--->1--->2--->3--->X5---->X3--->X6--->X7---->X4--->1--->2--->3
X2
evaluating symbolX2
expanding of X2
X2---->X4--->1--->2--->3--->X5
X3
evaluating symbolX3
expanding of X3
X3--->X6--->X7
X4
evaluating symbolX4
expanding of X4
X4--->1--->2--->3
X10
evaluating symbolX10
no evaluation needed
X10
