173-228-90-253:Some_exercises marciafeitel$ perl dependencies.pl dep3
$VAR1 = {
          'X2' => '',
          'X3' => '',
          'X4' => '',
          'X1' => ''
        };
X4
evaluating symbolX4
expanding of X4
expanding new symbol X4 at level 1
1 -th level symbol is X5
1 -th level symbol is 4
$VAR1 = {
          'X2' => '',
          'X3' => '',
          'X4' => 'X4--->X5--->4',
          'X1' => ''
        };
X4--->X5--->4
X3
evaluating symbolX3
expanding of X3
expanding new symbol X3 at level 1
1 -th level symbol is X4
1 -th level symbol is 3
$VAR1 = {
          'X2' => '',
          'X3' => 'X3---->X4--->X5--->4--->3',
          'X4' => 'X4--->X5--->4',
          'X1' => ''
        };
X3---->X4--->X5--->4--->3
X2
evaluating symbolX2
expanding of X2
expanding new symbol X2 at level 1
1 -th level symbol is X3
1 -th level symbol is 2
$VAR1 = {
          'X2' => 'X2---->X3---->X4--->X5--->4--->3--->2',
          'X3' => 'X3---->X4--->X5--->4--->3',
          'X4' => 'X4--->X5--->4',
          'X1' => ''
        };
X2---->X3---->X4--->X5--->4--->3--->2
X1
evaluating symbolX1
expanding of X1
expanding new symbol X1 at level 1
1 -th level symbol is X2
1 -th level symbol is 1
$VAR1 = {
          'X2' => 'X2---->X3---->X4--->X5--->4--->3--->2',
          'X3' => 'X3---->X4--->X5--->4--->3',
          'X4' => 'X4--->X5--->4',
          'X1' => 'X1---->X2---->X3---->X4--->X5--->4--->3--->2--->1'
        };
X1---->X2---->X3---->X4--->X5--->4--->3--->2--->1
