173-228-90-253:Some_exercises marciafeitel$ perl dependencies.pl dep4
$VAR1 = {
          'X2' => '',
          'X3' => '',
          'X11' => '',
          'X4' => '',
          'X1' => '',
          'X10' => ''
        };
X3
evaluating symbolX3
expanding of X3
expanding new symbol X3 at level 1
1 -th level symbol is X6
1 -th level symbol is X7
$VAR1 = {
          'X2' => '',
          'X3' => 'X3--->X6--->X7',
          'X11' => '',
          'X4' => '',
          'X1' => '',
          'X10' => ''
        };
X3--->X6--->X7
X1
evaluating symbolX1
expanding of X1
expanding new symbol X1 at level 1
1 -th level symbol is X2
expanding new symbol X2 at level 2
2 -th level symbol is X4
expanding new symbol X4 at level 3
3 -th level symbol is 1
3 -th level symbol is 2
3 -th level symbol is 3
$VAR1 = {
          'X2' => '',
          'X3' => 'X3--->X6--->X7',
          'X11' => '',
          'X4' => 'X4--->1--->2--->3',
          'X1' => '',
          'X10' => ''
        };
2 -th level symbol is X5
$VAR1 = {
          'X2' => 'X2---->X4--->1--->2--->3--->X5',
          'X3' => 'X3--->X6--->X7',
          'X11' => '',
          'X4' => 'X4--->1--->2--->3',
          'X1' => '',
          'X10' => ''
        };
1 -th level symbol is X3
1 -th level symbol is X4
$VAR1 = {
          'X2' => 'X2---->X4--->1--->2--->3--->X5',
          'X3' => 'X3--->X6--->X7',
          'X11' => '',
          'X4' => 'X4--->1--->2--->3',
          'X1' => 'X1---->X2---->X4--->1--->2--->3--->X5---->X3--->X6--->X7---->X4--->1--->2--->3',
          'X10' => ''
        };
X1---->X2---->X4--->1--->2--->3--->X5---->X3--->X6--->X7---->X4--->1--->2--->3
X11
evaluating symbolX11
expanding of X11
expanding new symbol X11 at level 1
$VAR1 = {
          'X2' => 'X2---->X4--->1--->2--->3--->X5',
          'X3' => 'X3--->X6--->X7',
          'X11' => 'X11',
          'X4' => 'X4--->1--->2--->3',
          'X1' => 'X1---->X2---->X4--->1--->2--->3--->X5---->X3--->X6--->X7---->X4--->1--->2--->3',
          'X10' => ''
        };
X11
X11
evaluating symbolX11
expanding of X11
X11
X10
evaluating symbolX10
expanding of X10
expanding new symbol X10 at level 1
$VAR1 = {
          'X2' => 'X2---->X4--->1--->2--->3--->X5',
          'X3' => 'X3--->X6--->X7',
          'X11' => 'X11',
          'X4' => 'X4--->1--->2--->3',
          'X1' => 'X1---->X2---->X4--->1--->2--->3--->X5---->X3--->X6--->X7---->X4--->1--->2--->3',
          'X10' => 'X10'
        };
X10
X12
evaluating symbolX12
no evaluation needed
X12
