BASIC_CONFIGURATION_README 1
BASIC_CONFIGURATION_README.html 1
CHANGES 1
ChangeLog 2
ChangeLog 1
ChangeLog 2
ChangeLog.txt 2
DEBUG_README 1
DEBUG_README.html 1
DOC-22.1.1 1
FindJava.cmake 1
INSTALL 1
INSTALL-BINARY 11
INSTALL-BINARY 11
INSTALL.html 1
IP-FORWARD-MIB.txt 2
IPV6_README 1
IPV6_README.html 1
MACHINES 3
MULTI_INSTANCE_README 3
MULTI_INSTANCE_README.html 3
NET-SNMP-PASS-MIB.txt 1
POSTSCREEN_README 2
POSTSCREEN_README.html 2
PROBLEMS 5
RELEASE_NOTES 1
RFC1213-MIB.txt 7
RMON-MIB.txt 10
SASL_README 3
SASL_README.html 2
SMTPD_POLICY_README 2
SMTPD_POLICY_README.html 2
SOHO_README 1
SOHO_README.html 1
STANDARD_CONFIGURATION_README 2
STANDARD_CONFIGURATION_README.html 2
STRESS_README 2
STRESS_README.html 2
TCP-MIB.txt 1
Tcl.ntcl 1
UDP-MIB.txt 1
_ipset 2
access.5 2
access.5.html 2
accopt.html 6
arp.8 1
asm.vim 1
assoc.html 1
auto_execok.ntcl 1
auto_import.ntcl 1
auto_load.ntcl 1
auto_mkindex.ntcl 1
auto_mkindex_old.ntcl 1
auto_qualify.ntcl 1
auto_reset.ntcl 1
bash.info 9
bashref.html 9
bind.rb 3
binlog_rewrite.test 4
binlog_rewrite.test 4
bless 2
bootpd.8 1
bootptab.5 2
bpf.4 2
burp.rb 1
calc-2 13
calc-4 17
calc-5 5
ccmake.txt 1
certtool.1 2
check_consistency.sql 1
check_consistency.sql 1
chpass.1 1
cidr_table.5 1
cidr_table.5.html 1
cmake-commands.txt 1
cmake-compatcommands.txt 1
cmake-modules.txt 2
cmake-policies.html 20
cmake-policies.txt 21
cmake-properties.txt 1
cmake-variables.txt 1
cmake.1 21
cmake.1 21
cmake.docbook 21
cmake.html 20
cmake.txt 22
cmakemodules.1 1
cmakemodules.1 1
cmakepolicies.1 20
cmakepolicies.1 20
combobox.tcl 1
comm.n 1
concat.ntcl 1
config.5ssl 3
config.5ssl 3
confopt.html 1
copy.9 1
cpack.txt 1
cs.vim 1
ctest 1
ctest 1
ctest.txt 1
ctype_binary.result 1
ctype_binary.result 1
ctype_cp1251.result 1
ctype_cp1251.result 1
ctype_latin1.result 1
ctype_latin1.result 1
ctype_ucs.result 1
ctype_ucs.result 1
ctype_utf8.result 1
ctype_utf8.result 1
denyhosts.rb 2
df.1 1
dialog.tcl 1
dict.ntcl 1
dig 26
dig.1 2
divert.4 1
dns-sd.1 1
dnscrypt-proxy.rb 1
doc-common 1
driver27.html 11
driver28.html 13
driver29.html 7
driver43.html 8
driver5.html 1
dummynet.4 1
dynhelp.tcl 1
elisp-1 14
elisp-2 4
elisp-3 10
elisp-4 4
elisp-5 2
elisp-6 8
elisp-7 3
emacs-2 30
emacs-3 5
emacs-4 6
emacs-5 2
emacs-buffer.gdb 1
entry.tcl 1
events_bugs.test 2
events_bugs.test 2
exports.5 7
fetch.9 1
fstab.5 1
ftp-proxy.8 2
ftpd.conf 1
ftpd.conf 1
ftpusers 1
ftpusers 1
func_misc.result 5
func_misc.result 5
func_misc.test 1
func_misc.test 1
gif.4 1
git-instaweb 1
git-instaweb 1
glob.ntcl 1
global.ntcl 1
gnus-1 8
gnus-2 30
gnus-3 26
gnus-4 8
gpt 6
grant_cache.inc 5
grant_cache.inc 5
graylog2-server.rb 1
groff-1 19
groff-2 8
hamster.vim 1
hamster.vim 1
hamster.vim 1
host 26
hostcache_ipv4_addrinfo_bad_allow.test 2
hostcache_ipv4_addrinfo_bad_allow.test 2
hostcache_ipv4_addrinfo_bad_deny.test 2
hostcache_ipv4_addrinfo_bad_deny.test 2
http-2.8.5.tm 1
ifconfig.8 7
inet6.4 1
innodb_storedproc_02.result 1
innodb_storedproc_02.result 1
innodb_storedproc_03.result 1
innodb_storedproc_03.result 1
innodb_storedproc_10.result 1
innodb_storedproc_10.result 1
innodb_trig_0407.result 26
innodb_trig_0407.result 15
innodb_trig_08.result 5
innodb_trig_08.result 5
innodb_trig_09.result 2
innodb_trig_09.result 2
innodb_trig_1011ext.result 1
innodb_trig_1011ext.result 1
innodb_views.result 74
innodb_views.result 74
ipconfig.8 7
ipmitool.1 4
ipsec.4 1
ipv4_as_ipv6.result 14
ipv4_as_ipv6.result 14
ipv6.result 14
ipv6.result 14
is-at-least 1
is_basics_mixed.result 2
is_basics_mixed.result 2
is_basics_mixed.test 8
is_basics_mixed.test 8
is_character_sets.result 2
is_character_sets.result 2
is_character_sets.test 2
is_character_sets.test 2
is_coll_char_set_appl.result 2
is_coll_char_set_appl.result 2
is_coll_char_set_appl.test 2
is_coll_char_set_appl.test 2
is_collations.result 2
is_collations.result 2
is_collations.test 2
is_collations.test 2
is_column_privileges_is_mysql_test.test 2
is_column_privileges_is_mysql_test.test 2
is_columns.result 1
is_columns.result 1
is_columns.test 1
is_columns.test 1
is_key_column_usage.inc 1
is_key_column_usage.inc 1
is_key_column_usage.result 1
is_key_column_usage.result 1
is_key_column_usage_embedded.result 1
is_key_column_usage_embedded.result 1
is_routines.inc 1
is_routines.inc 1
is_routines.result 1
is_routines.result 1
is_routines_embedded.result 1
is_routines_embedded.result 1
is_schema_privileges.test 3
is_schema_privileges.test 3
is_schema_privileges_is_mysql_test.test 2
is_schema_privileges_is_mysql_test.test 2
is_schemata.inc 2
is_schemata.inc 2
is_schemata_is_mysql_test.result 1
is_schemata_is_mysql_test.result 1
is_schemata_is_mysql_test.test 3
is_schemata_is_mysql_test.test 3
is_statistics.result 1
is_statistics.result 1
is_statistics.test 3
is_statistics.test 3
is_table_constraints.result 1
is_table_constraints.result 1
is_table_constraints.test 1
is_table_constraints.test 1
is_tables.inc 1
is_tables.inc 1
is_tables.result 1
is_tables.result 1
is_tables_embedded.result 1
is_tables_embedded.result 1
is_triggers.inc 1
is_triggers.inc 1
is_triggers.result 1
is_triggers.result 1
is_triggers_embedded.result 1
is_triggers_embedded.result 1
is_views.inc 1
is_views.inc 1
is_views.result 1
is_views.result 1
is_views_embedded.result 1
is_views_embedded.result 1
kill.1 1
label.tcl 1
labelentry.tcl 1
labelframe.tcl 1
libstfl.rb 1
libtcl.dylib 2
libtcl8.5.dylib 2
listbox.tcl 1
localemanager.8 1
lsof.8 1
mainframe.tcl 1
manyopt.html 1
mathop.ntcl 1
memory.ntcl 1
memory_storedproc_02.result 1
memory_storedproc_02.result 1
memory_storedproc_03.result 1
memory_storedproc_03.result 1
memory_storedproc_10.result 1
memory_storedproc_10.result 1
memory_trig_0407.result 26
memory_trig_0407.result 15
memory_trig_08.result 5
memory_trig_08.result 5
memory_trig_09.result 2
memory_trig_09.result 2
memory_trig_1011ext.result 1
memory_trig_1011ext.result 1
memory_views.result 74
memory_views.result 74
mongo 1
mongodb.rb 1
monopt.html 7
muttrc.vim 2
my.cnf 1
my.cnf 1
my.cnf 1
my.cnf 1
myisam_storedproc_02.result 1
myisam_storedproc_02.result 1
myisam_storedproc_03.result 1
myisam_storedproc_03.result 1
myisam_storedproc_10.result 1
myisam_storedproc_10.result 1
myisam_trig_0407.result 26
myisam_trig_0407.result 15
myisam_trig_08.result 5
myisam_trig_08.result 5
myisam_trig_09.result 2
myisam_trig_09.result 2
myisam_trig_1011ext.result 1
myisam_trig_1011ext.result 1
myisam_views-big.result 74
myisam_views-big.result 74
mysql-cluster.rb 1
mysql_config_editor.result 8
mysql_config_editor.result 8
mysql_table.5 1
mysql_table.5.html 1
mysqldump.test 2
mysqldump.test 2
namespace.ntcl 1
nc.1 3
ncp.rb 1
ndb_config.result 6
ndb_config.result 6
ndb_config_mycnf1.cnf 2
ndb_config_mycnf1.cnf 2
ndb_error_reporter.ini 3
netstat.1 1
network.html 1
networksetup.8 5
notebook.tcl 1
notmuch.rb 1
nslookup 26
nsupdate 26
nsupdate.1 2
package.ntcl 1
pagesmgr.tcl 1
pam_krb5.8 1
parray.ntcl 1
partition_alter4.inc 1
partition_alter4.inc 1
partition_alter4_innodb.result 1
partition_alter4_innodb.result 1
partition_alter4_myisam.result 1
partition_alter4_myisam.result 1
partition_check.inc 2
partition_check.inc 2
partition_syntax.inc 4
partition_syntax.inc 4
partition_syntax_innodb.result 4
partition_syntax_innodb.result 4
partition_syntax_myisam.result 4
partition_syntax_myisam.result 4
patch 2
patch.1 1
pcap-filter.7 5
perl571delta.1 3
perl571delta5.12.1 3
perl572delta.1 2
perl572delta5.12.1 2
perl58delta.1 2
perl58delta5.12.1 2
perl58delta5.16.1 2
perlaix.1 25
perlaix5.12.1 25
perlaix5.16.1 25
perlperf.1 11
perlperf5.12.1 11
perlperf5.16.1 11
perltoc5.12.1 2
pf.conf.5 36
pfctl.8 3
pkgIndex.tcl 1
platform.ntcl 1
platform::shell.ntcl 1
plugin_auth_qa.result 3
plugin_auth_qa.result 3
plugin_auth_qa.test 3
plugin_auth_qa.test 3
plugin_auth_qa_1.result 1
plugin_auth_qa_1.result 1
plugin_auth_qa_1.test 1
plugin_auth_qa_1.test 1
plugin_auth_qa_2.result 1
plugin_auth_qa_2.result 1
plugin_auth_qa_2.test 1
plugin_auth_qa_2.test 1
postconf.5 6
postconf.5.html 6
racoon.8 1
racoon.conf.5 4
ref-access_log.html 1
ref-client-conf.html 1
ref-mailto-conf.html 1
ref-snmp-conf.html 2
refchan.ntcl 1
regexp.ntcl 1
regsub.ntcl 1
release.html 1
req.1ssl 2
req.1ssl 2
resolver.5 2
rewrite_general_log.test 4
rewrite_general_log.test 4
rewrite_slow_log.test 4
rewrite_slow_log.test 4
route.8 6
rpcbind.8 1
rpl_000017.test 1
rpl_000017.test 1
rpl_1slave_base.cnf 1
rpl_1slave_base.cnf 2
rpl_1slave_base.cnf 1
rpl_1slave_base.cnf 2
rpl_ip_mix.cnf 1
rpl_ip_mix.cnf 1
rpl_ip_mix.result 1
rpl_ip_mix.result 1
rpl_ip_mix2.cnf 1
rpl_ip_mix2.cnf 1
rpl_ip_mix2.result 1
rpl_ip_mix2.result 1
rpl_ipv4_as_ipv6.cnf 2
rpl_ipv4_as_ipv6.cnf 2
rpl_ipv4_as_ipv6.result 3
rpl_ipv4_as_ipv6.result 3
rpl_ipv6.result 1
rpl_ipv6.result 1
rpl_sp.test 5
rpl_sp.test 5
rpl_sp.test 5
rpl_sp.test 5
rtadvd.8 1
rtsol.8 1
rtsold.8 1
scrollw.tcl 1
setkey.8 4
slapacl 65
slapadd 65
slapauth 65
slapcat 65
slapd 65
slapd.8 1
slapdn 65
slapindex 65
slappasswd 65
slapschema 65
slaptest 65
slogin.1 12
snmpd.conf.5 1
snmpd.examples.5 2
snmptable.1 1
snmptest.1 4
socket.ntcl 1
socket_connect.result 3
socket_connect.result 3
socket_connect.test 3
socket_connect.test 3
socket_instances_func.test 2
socket_instances_func.test 2
socket_instances_func_win.test 3
socket_instances_func_win.test 3
socket_summary_by_event_name_func.result 1
socket_summary_by_event_name_func.result 1
socket_summary_by_event_name_func.test 1
socket_summary_by_event_name_func.test 1
socket_summary_by_instance_func.result 4
socket_summary_by_instance_func.result 4
socket_summary_by_instance_func.test 4
socket_summary_by_instance_func.test 4
socket_summary_by_instance_func_win.result 4
socket_summary_by_instance_func_win.result 4
socket_summary_by_instance_func_win.test 4
socket_summary_by_instance_func_win.test 4
spec-ipp.html 44
speedbar 5
spfd.1 1
spfd5.12 1
spfd5.12.1 1
spfd5.16 1
spfd5.16.1 1
spfquery.1 1
spfquery5.12 2
spfquery5.12.1 1
spfquery5.16 2
spfquery5.16.1 1
ssh.1 12
stf.4 5
store.9 1
storedproc.result 1
storedproc.result 1
storedproc.test 3
storedproc.test 3
storedproc_02.inc 18
storedproc_02.inc 18
storedproc_03.inc 7
storedproc_03.inc 7
storedproc_08.inc 1
storedproc_08.inc 1
storedproc_10.inc 1
storedproc_10.inc 1
style.9 2
subr.elc 1
sudoers.5 3
tcl_endOfWord.ntcl 1
tcl_findLibrary.ntcl 1
tcl_startOfNextWord.ntcl 1
tcl_startOfPreviousWord.ntcl 1
tcl_wordBreakAfter.ntcl 1
tcl_wordBreakBefore.ntcl 1
tcllib_dns.n 1
tcllib_ip.n 12
tclsh 2
tclsh8.4 1
tclsh8.5 2
tcpdump.1 4
telnet 3
telnet.1 1
telnetd 1
termcap.src 1
termios.4 1
texinfo-2 2
tm.ntcl 1
todo.txt 1
traceroute.8 12
tree.tcl 1
trig_frkey2.inc 5
trig_frkey2.inc 5
triggers_0102.inc 17
triggers_0102.inc 17
triggers_03.inc 9
triggers_03.inc 9
triggers_0407.inc 44
triggers_0407.inc 30
triggers_08.inc 15
triggers_08.inc 15
triggers_09.inc 14
triggers_09.inc 14
triggers_1011ext.inc 11
triggers_1011ext.inc 11
tsget 1
udf.result 2
udf.result 2
undoServerAppDNSPrefs 4
unoconv.rb 1
unset.ntcl 1
utils.tcl 1
uuencode.1 1
views_master.inc 131
views_master.inc 131
visitors.rb 2
wait_slave_status.inc 1
wait_slave_status.inc 1
whatmask.rb 2
widget.tcl 1
wl6301_3.result 1
wl6301_3.result 1
wl6301_3.test 2
wl6301_3.test 2
x509v3_config.5ssl 2
x509v3_config.5ssl 2
